[0823/183958.019:ERROR:block_files.cc(441)] Failed to open C:\Users\HP\Desktop\serverCotillon\UsersHPAppDataLocalGoogleChromeUser DataDefault\Default\Cache\Cache_Data\data_1
[0823/183958.021:ERROR:cache_util_win.cc(20)] Unable to move the cache: Acceso denegado. (0x5)
[0823/183958.022:ERROR:disk_cache.cc(205)] Unable to create cache
[0823/183959.296:INFO:CONSOLE(1)] "Mixed Content: The page at 'https://www.cotilloncasaalberto.com.ar/' was loaded over HTTPS, but requested an insecure element 'http://cotilloncasaalberto.com.ar/images/fa.png'. This request was automatically upgraded to HTTPS, For more information see https://blog.chromium.org/2019/10/no-more-mixed-messages-about-https.html", source: https://www.cotilloncasaalberto.com.ar/ (1)
[0823/183959.297:INFO:CONSOLE(1)] "Mixed Content: The page at 'https://www.cotilloncasaalberto.com.ar/' was loaded over HTTPS, but requested an insecure element 'http://cotilloncasaalberto.com.ar/images/inst.png'. This request was automatically upgraded to HTTPS, For more information see https://blog.chromium.org/2019/10/no-more-mixed-messages-about-https.html", source: https://www.cotilloncasaalberto.com.ar/ (1)
[0823/183959.297:INFO:CONSOLE(1)] "Mixed Content: The page at 'https://www.cotilloncasaalberto.com.ar/' was loaded over HTTPS, but requested an insecure element 'http://cotilloncasaalberto.com.ar/images/yt.png'. This request was automatically upgraded to HTTPS, For more information see https://blog.chromium.org/2019/10/no-more-mixed-messages-about-https.html", source: https://www.cotilloncasaalberto.com.ar/ (1)
[0823/183959.754:INFO:CONSOLE(2)] "JQMIGRATE: Migrate is installed, version 1.4.1", source: https://www.cotilloncasaalberto.com.ar/media/jui/js/jquery-migrate.min.js?7bd217a4a89c03d9af8190bd4b917d3d (2)
[0823/183959.923:INFO:CONSOLE(560)] "Mixed Content: The page at 'https://www.cotilloncasaalberto.com.ar/' was loaded over HTTPS, but requested an insecure element 'http://cotilloncasaalberto.com.ar/images/fa.png'. This request was automatically upgraded to HTTPS, For more information see https://blog.chromium.org/2019/10/no-more-mixed-messages-about-https.html", source: https://www.cotilloncasaalberto.com.ar/ (560)
[0823/183959.923:INFO:CONSOLE(560)] "Mixed Content: The page at 'https://www.cotilloncasaalberto.com.ar/' was loaded over HTTPS, but requested an insecure element 'http://cotilloncasaalberto.com.ar/images/inst.png'. This request was automatically upgraded to HTTPS, For more information see https://blog.chromium.org/2019/10/no-more-mixed-messages-about-https.html", source: https://www.cotilloncasaalberto.com.ar/ (560)
[0823/183959.923:INFO:CONSOLE(560)] "Mixed Content: The page at 'https://www.cotilloncasaalberto.com.ar/' was loaded over HTTPS, but requested an insecure element 'http://cotilloncasaalberto.com.ar/images/yt.png'. This request was automatically upgraded to HTTPS, For more information see https://blog.chromium.org/2019/10/no-more-mixed-messages-about-https.html", source: https://www.cotilloncasaalberto.com.ar/ (560)
[0823/184003.622:ERROR:cache_util_win.cc(20)] Unable to move the cache: Acceso denegado. (0x5)
[0823/184003.624:ERROR:disk_cache.cc(205)] Unable to create cache
[0823/184003.624:ERROR:shader_disk_cache.cc(617)] Shader Cache Creation failed: -2
[0823/184006.381:ERROR:cache_util_win.cc(20)] Unable to move the cache: Acceso denegado. (0x5)
[0823/184006.382:ERROR:disk_cache.cc(205)] Unable to create cache
[0823/184006.382:ERROR:shader_disk_cache.cc(617)] Shader Cache Creation failed: -2
[0823/184006.656:ERROR:service_worker_storage.cc(1904)] Failed to delete the database: Database IO error
[0823/184006.714:ERROR:cache_util_win.cc(20)] Unable to move the cache: Acceso denegado. (0x5)
[0823/184006.715:ERROR:disk_cache.cc(205)] Unable to create cache
[0823/184006.715:ERROR:shader_disk_cache.cc(617)] Shader Cache Creation failed: -2
[0823/184008.725:ERROR:cache_util_win.cc(20)] Unable to move the cache: Acceso denegado. (0x5)
[0823/184008.725:ERROR:disk_cache.cc(205)] Unable to create cache
[0823/184009.728:ERROR:service_worker_storage.cc(1904)] Failed to delete the database: Database IO error
[0823/184011.011:INFO:CONSOLE(0)] "Error with Feature-Policy header: Unrecognized feature: '*'.", source:  (0)
[0823/184011.011:INFO:CONSOLE(0)] "The Content-Security-Policy directive name '*' contains one or more invalid characters. Only ASCII alphanumeric characters or dashes '-' are allowed in directive names.", source: https://www.byfdeco.com/listado/g=0;m=75,73,71,74;or=5;c=2;h=1;e=6;b=1;A_PAGENUMBER=1;st=ENVASES%20CON%20TAPA;cat_id=51;/GlobalBluePoint-ERP.aspx (0)
[0823/184011.575:INFO:CONSOLE(0)] "Mixed Content: The page at 'https://www.byfdeco.com/listado/g=0;m=75,73,71,74;or=5;c=2;h=1;e=6;b=1;A_PAGENUMBER=1;st=ENVASES%20CON%20TAPA;cat_id=51;/GlobalBluePoint-ERP.aspx' was loaded over HTTPS, but requested an insecure element 'http://gbp41.globalbluepoint.com/laslomas/Temp/App_WebSite/App_PictureFiles/fondo2.png'. This request was automatically upgraded to HTTPS, For more information see https://blog.chromium.org/2019/10/no-more-mixed-messages-about-https.html", source: https://www.byfdeco.com/listado/g=0;m=75,73,71,74;or=5;c=2;h=1;e=6;b=1;A_PAGENUMBER=1;st=ENVASES%20CON%20TAPA;cat_id=51;/GlobalBluePoint-ERP.aspx (0)
[0823/184011.577:INFO:CONSOLE(0)] "Mixed Content: The page at 'https://www.byfdeco.com/listado/g=0;m=75,73,71,74;or=5;c=2;h=1;e=6;b=1;A_PAGENUMBER=1;st=ENVASES%20CON%20TAPA;cat_id=51;/GlobalBluePoint-ERP.aspx' was loaded over HTTPS, but requested an insecure element 'http://www.compumar.com/skin/frontend/default/ma_hightechstore/images/bg-title-block.png'. This request was automatically upgraded to HTTPS, For more information see https://blog.chromium.org/2019/10/no-more-mixed-messages-about-https.html", source: https://www.byfdeco.com/listado/g=0;m=75,73,71,74;or=5;c=2;h=1;e=6;b=1;A_PAGENUMBER=1;st=ENVASES%20CON%20TAPA;cat_id=51;/GlobalBluePoint-ERP.aspx (0)
[0823/184011.692:ERROR:ssl_client_socket_impl.cc(983)] handshake failed; returned -1, SSL error code 1, net_error -101
[0823/184011.856:ERROR:ssl_client_socket_impl.cc(983)] handshake failed; returned -1, SSL error code 1, net_error -101
[0823/184011.882:INFO:CONSOLE(0)] "The Content-Security-Policy directive name '*' contains one or more invalid characters. Only ASCII alphanumeric characters or dashes '-' are allowed in directive names.", source: about:blank (0)
[0823/184015.039:ERROR:cache_util_win.cc(20)] Unable to move the cache: Acceso denegado. (0x5)
[0823/184015.041:ERROR:disk_cache.cc(205)] Unable to create cache
[0823/184015.041:ERROR:shader_disk_cache.cc(617)] Shader Cache Creation failed: -2
[0823/184017.081:ERROR:cache_util_win.cc(20)] Unable to move the cache: Acceso denegado. (0x5)
[0823/184017.081:ERROR:disk_cache.cc(205)] Unable to create cache
[0823/184017.082:ERROR:shader_disk_cache.cc(617)] Shader Cache Creation failed: -2
[0823/184017.524:ERROR:cache_util_win.cc(20)] Unable to move the cache: Acceso denegado. (0x5)
[0823/184017.525:ERROR:disk_cache.cc(205)] Unable to create cache
[0823/184018.046:ERROR:service_worker_storage.cc(1904)] Failed to delete the database: Database IO error
[0823/184019.802:INFO:CONSOLE(0)] "Error with Feature-Policy header: Unrecognized feature: '*'.", source:  (0)
[0823/184019.803:INFO:CONSOLE(0)] "The Content-Security-Policy directive name '*' contains one or more invalid characters. Only ASCII alphanumeric characters or dashes '-' are allowed in directive names.", source: https://www.byfdeco.com/listado/g=0;m=75,73,71,74;or=5;c=2;h=1;e=6;b=1;A_PAGENUMBER=2;st=ENVASES%20CON%20TAPA;cat_id=51;/GlobalBluePoint-ERP.aspx (0)
[0823/184021.127:INFO:CONSOLE(0)] "The Content-Security-Policy directive name '*' contains one or more invalid characters. Only ASCII alphanumeric characters or dashes '-' are allowed in directive names.", source: about:blank (0)
[0823/184021.134:INFO:CONSOLE(3731)] "Mixed Content: The page at 'https://www.byfdeco.com/listado/g=0;m=75,73,71,74;or=5;c=2;h=1;e=6;b=1;A_PAGENUMBER=2;st=ENVASES%20CON%20TAPA;cat_id=51;/GlobalBluePoint-ERP.aspx' was loaded over HTTPS, but requested an insecure element 'http://gbp41.globalbluepoint.com/laslomas/Temp/App_WebSite/App_PictureFiles/fondo2.png'. This request was automatically upgraded to HTTPS, For more information see https://blog.chromium.org/2019/10/no-more-mixed-messages-about-https.html", source: https://www.byfdeco.com/listado/g=0;m=75,73,71,74;or=5;c=2;h=1;e=6;b=1;A_PAGENUMBER=2;st=ENVASES%20CON%20TAPA;cat_id=51;/GlobalBluePoint-ERP.aspx (3731)
[0823/184021.135:INFO:CONSOLE(3731)] "Mixed Content: The page at 'https://www.byfdeco.com/listado/g=0;m=75,73,71,74;or=5;c=2;h=1;e=6;b=1;A_PAGENUMBER=2;st=ENVASES%20CON%20TAPA;cat_id=51;/GlobalBluePoint-ERP.aspx' was loaded over HTTPS, but requested an insecure element 'http://www.compumar.com/skin/frontend/default/ma_hightechstore/images/bg-title-block.png'. This request was automatically upgraded to HTTPS, For more information see https://blog.chromium.org/2019/10/no-more-mixed-messages-about-https.html", source: https://www.byfdeco.com/listado/g=0;m=75,73,71,74;or=5;c=2;h=1;e=6;b=1;A_PAGENUMBER=2;st=ENVASES%20CON%20TAPA;cat_id=51;/GlobalBluePoint-ERP.aspx (3731)
[0823/184021.216:ERROR:ssl_client_socket_impl.cc(983)] handshake failed; returned -1, SSL error code 1, net_error -101
[0823/184021.279:ERROR:ssl_client_socket_impl.cc(983)] handshake failed; returned -1, SSL error code 1, net_error -101
[0823/184033.443:ERROR:cache_util_win.cc(20)] Unable to move the cache: Acceso denegado. (0x5)
[0823/184033.445:ERROR:disk_cache.cc(205)] Unable to create cache
[0823/184033.445:ERROR:shader_disk_cache.cc(617)] Shader Cache Creation failed: -2
[0823/184035.471:ERROR:cache_util_win.cc(20)] Unable to move the cache: Acceso denegado. (0x5)
[0823/184035.471:ERROR:disk_cache.cc(205)] Unable to create cache
[0823/184036.482:ERROR:service_worker_storage.cc(1904)] Failed to delete the database: Database IO error
[0823/184037.979:INFO:CONSOLE(0)] "Error with Feature-Policy header: Unrecognized feature: '*'.", source:  (0)
[0823/184037.980:INFO:CONSOLE(0)] "The Content-Security-Policy directive name '*' contains one or more invalid characters. Only ASCII alphanumeric characters or dashes '-' are allowed in directive names.", source: https://www.byfdeco.com/listado/g=0;m=75,73,71,74;or=5;c=2;h=1;e=6;b=1;A_PAGENUMBER=3;st=ENVASES%20CON%20TAPA;cat_id=51;/GlobalBluePoint-ERP.aspx (0)
[0823/184038.540:INFO:CONSOLE(621)] "Mixed Content: The page at 'https://www.byfdeco.com/listado/g=0;m=75,73,71,74;or=5;c=2;h=1;e=6;b=1;A_PAGENUMBER=3;st=ENVASES%20CON%20TAPA;cat_id=51;/GlobalBluePoint-ERP.aspx' was loaded over HTTPS, but requested an insecure element 'http://gbp41.globalbluepoint.com/laslomas/Temp/App_WebSite/App_PictureFiles/fondo2.png'. This request was automatically upgraded to HTTPS, For more information see https://blog.chromium.org/2019/10/no-more-mixed-messages-about-https.html", source: https://www.byfdeco.com/listado/g=0;m=75,73,71,74;or=5;c=2;h=1;e=6;b=1;A_PAGENUMBER=3;st=ENVASES%20CON%20TAPA;cat_id=51;/GlobalBluePoint-ERP.aspx (621)
[0823/184038.542:INFO:CONSOLE(621)] "Mixed Content: The page at 'https://www.byfdeco.com/listado/g=0;m=75,73,71,74;or=5;c=2;h=1;e=6;b=1;A_PAGENUMBER=3;st=ENVASES%20CON%20TAPA;cat_id=51;/GlobalBluePoint-ERP.aspx' was loaded over HTTPS, but requested an insecure element 'http://www.compumar.com/skin/frontend/default/ma_hightechstore/images/bg-title-block.png'. This request was automatically upgraded to HTTPS, For more information see https://blog.chromium.org/2019/10/no-more-mixed-messages-about-https.html", source: https://www.byfdeco.com/listado/g=0;m=75,73,71,74;or=5;c=2;h=1;e=6;b=1;A_PAGENUMBER=3;st=ENVASES%20CON%20TAPA;cat_id=51;/GlobalBluePoint-ERP.aspx (621)
[0823/184038.593:ERROR:ssl_client_socket_impl.cc(983)] handshake failed; returned -1, SSL error code 1, net_error -101
[0823/184038.655:ERROR:ssl_client_socket_impl.cc(983)] handshake failed; returned -1, SSL error code 1, net_error -101
[0823/184039.021:INFO:CONSOLE(0)] "The Content-Security-Policy directive name '*' contains one or more invalid characters. Only ASCII alphanumeric characters or dashes '-' are allowed in directive names.", source: about:blank (0)
[0823/184041.272:ERROR:cache_util_win.cc(20)] Unable to move the cache: Acceso denegado. (0x5)
[0823/184041.273:ERROR:disk_cache.cc(205)] Unable to create cache
[0823/184041.273:ERROR:shader_disk_cache.cc(617)] Shader Cache Creation failed: -2
[0823/184043.293:ERROR:cache_util_win.cc(20)] Unable to move the cache: Acceso denegado. (0x5)
[0823/184043.293:ERROR:disk_cache.cc(205)] Unable to create cache
[0823/184044.297:ERROR:service_worker_storage.cc(1904)] Failed to delete the database: Database IO error
[0823/184045.697:INFO:CONSOLE(0)] "Error with Feature-Policy header: Unrecognized feature: '*'.", source:  (0)
[0823/184045.698:INFO:CONSOLE(0)] "The Content-Security-Policy directive name '*' contains one or more invalid characters. Only ASCII alphanumeric characters or dashes '-' are allowed in directive names.", source: https://www.byfdeco.com/listado/g=0;m=75,73,71,74;or=5;c=2;h=1;e=6;b=1;A_PAGENUMBER=4;st=ENVASES%20CON%20TAPA;cat_id=51;/GlobalBluePoint-ERP.aspx (0)
[0823/184046.830:INFO:CONSOLE(0)] "The Content-Security-Policy directive name '*' contains one or more invalid characters. Only ASCII alphanumeric characters or dashes '-' are allowed in directive names.", source: about:blank (0)
[0823/184046.837:INFO:CONSOLE(3731)] "Mixed Content: The page at 'https://www.byfdeco.com/listado/g=0;m=75,73,71,74;or=5;c=2;h=1;e=6;b=1;A_PAGENUMBER=4;st=ENVASES%20CON%20TAPA;cat_id=51;/GlobalBluePoint-ERP.aspx' was loaded over HTTPS, but requested an insecure element 'http://gbp41.globalbluepoint.com/laslomas/Temp/App_WebSite/App_PictureFiles/fondo2.png'. This request was automatically upgraded to HTTPS, For more information see https://blog.chromium.org/2019/10/no-more-mixed-messages-about-https.html", source: https://www.byfdeco.com/listado/g=0;m=75,73,71,74;or=5;c=2;h=1;e=6;b=1;A_PAGENUMBER=4;st=ENVASES%20CON%20TAPA;cat_id=51;/GlobalBluePoint-ERP.aspx (3731)
[0823/184046.839:INFO:CONSOLE(3731)] "Mixed Content: The page at 'https://www.byfdeco.com/listado/g=0;m=75,73,71,74;or=5;c=2;h=1;e=6;b=1;A_PAGENUMBER=4;st=ENVASES%20CON%20TAPA;cat_id=51;/GlobalBluePoint-ERP.aspx' was loaded over HTTPS, but requested an insecure element 'http://www.compumar.com/skin/frontend/default/ma_hightechstore/images/bg-title-block.png'. This request was automatically upgraded to HTTPS, For more information see https://blog.chromium.org/2019/10/no-more-mixed-messages-about-https.html", source: https://www.byfdeco.com/listado/g=0;m=75,73,71,74;or=5;c=2;h=1;e=6;b=1;A_PAGENUMBER=4;st=ENVASES%20CON%20TAPA;cat_id=51;/GlobalBluePoint-ERP.aspx (3731)
[0823/184046.920:ERROR:ssl_client_socket_impl.cc(983)] handshake failed; returned -1, SSL error code 1, net_error -101
[0823/184046.996:ERROR:ssl_client_socket_impl.cc(983)] handshake failed; returned -1, SSL error code 1, net_error -101
[0823/184048.837:ERROR:cache_util_win.cc(20)] Unable to move the cache: Acceso denegado. (0x5)
[0823/184048.838:ERROR:disk_cache.cc(205)] Unable to create cache
[0823/184048.838:ERROR:shader_disk_cache.cc(617)] Shader Cache Creation failed: -2
[0823/184050.854:ERROR:cache_util_win.cc(20)] Unable to move the cache: Acceso denegado. (0x5)
[0823/184050.854:ERROR:disk_cache.cc(205)] Unable to create cache
[0823/184051.854:ERROR:service_worker_storage.cc(1904)] Failed to delete the database: Database IO error
[0823/184053.344:INFO:CONSOLE(0)] "Error with Feature-Policy header: Unrecognized feature: '*'.", source:  (0)
[0823/184053.345:INFO:CONSOLE(0)] "The Content-Security-Policy directive name '*' contains one or more invalid characters. Only ASCII alphanumeric characters or dashes '-' are allowed in directive names.", source: https://www.byfdeco.com/listado/g=0;m=75,73,71,74;or=5;c=2;h=1;e=6;b=1;A_PAGENUMBER=5;st=ENVASES%20CON%20TAPA;cat_id=51;/GlobalBluePoint-ERP.aspx (0)
[0823/184054.053:INFO:CONSOLE(0)] "Mixed Content: The page at 'https://www.byfdeco.com/listado/g=0;m=75,73,71,74;or=5;c=2;h=1;e=6;b=1;A_PAGENUMBER=5;st=ENVASES%20CON%20TAPA;cat_id=51;/GlobalBluePoint-ERP.aspx' was loaded over HTTPS, but requested an insecure element 'http://gbp41.globalbluepoint.com/laslomas/Temp/App_WebSite/App_PictureFiles/fondo2.png'. This request was automatically upgraded to HTTPS, For more information see https://blog.chromium.org/2019/10/no-more-mixed-messages-about-https.html", source: https://www.byfdeco.com/listado/g=0;m=75,73,71,74;or=5;c=2;h=1;e=6;b=1;A_PAGENUMBER=5;st=ENVASES%20CON%20TAPA;cat_id=51;/GlobalBluePoint-ERP.aspx (0)
[0823/184054.054:INFO:CONSOLE(0)] "Mixed Content: The page at 'https://www.byfdeco.com/listado/g=0;m=75,73,71,74;or=5;c=2;h=1;e=6;b=1;A_PAGENUMBER=5;st=ENVASES%20CON%20TAPA;cat_id=51;/GlobalBluePoint-ERP.aspx' was loaded over HTTPS, but requested an insecure element 'http://www.compumar.com/skin/frontend/default/ma_hightechstore/images/bg-title-block.png'. This request was automatically upgraded to HTTPS, For more information see https://blog.chromium.org/2019/10/no-more-mixed-messages-about-https.html", source: https://www.byfdeco.com/listado/g=0;m=75,73,71,74;or=5;c=2;h=1;e=6;b=1;A_PAGENUMBER=5;st=ENVASES%20CON%20TAPA;cat_id=51;/GlobalBluePoint-ERP.aspx (0)
[0823/184054.104:ERROR:ssl_client_socket_impl.cc(983)] handshake failed; returned -1, SSL error code 1, net_error -101
[0823/184054.273:ERROR:ssl_client_socket_impl.cc(983)] handshake failed; returned -1, SSL error code 1, net_error -101
[0823/184054.497:INFO:CONSOLE(0)] "The Content-Security-Policy directive name '*' contains one or more invalid characters. Only ASCII alphanumeric characters or dashes '-' are allowed in directive names.", source: about:blank (0)
[0823/184057.113:ERROR:cache_util_win.cc(20)] Unable to move the cache: Acceso denegado. (0x5)
[0823/184057.114:ERROR:disk_cache.cc(205)] Unable to create cache
[0823/184057.114:ERROR:shader_disk_cache.cc(617)] Shader Cache Creation failed: -2
[0823/184059.131:ERROR:cache_util_win.cc(20)] Unable to move the cache: Acceso denegado. (0x5)
[0823/184059.132:ERROR:disk_cache.cc(205)] Unable to create cache
[0823/184100.136:ERROR:service_worker_storage.cc(1904)] Failed to delete the database: Database IO error
[0823/184102.108:INFO:CONSOLE(0)] "Error with Feature-Policy header: Unrecognized feature: '*'.", source:  (0)
[0823/184102.109:INFO:CONSOLE(0)] "The Content-Security-Policy directive name '*' contains one or more invalid characters. Only ASCII alphanumeric characters or dashes '-' are allowed in directive names.", source: https://www.byfdeco.com/listado/g=0;m=75,73,71,74;or=5;c=2;h=1;e=6;b=1;A_PAGENUMBER=6;st=ENVASES%20CON%20TAPA;cat_id=51;/GlobalBluePoint-ERP.aspx (0)
[0823/184102.721:INFO:CONSOLE(604)] "Mixed Content: The page at 'https://www.byfdeco.com/listado/g=0;m=75,73,71,74;or=5;c=2;h=1;e=6;b=1;A_PAGENUMBER=6;st=ENVASES%20CON%20TAPA;cat_id=51;/GlobalBluePoint-ERP.aspx' was loaded over HTTPS, but requested an insecure element 'http://gbp41.globalbluepoint.com/laslomas/Temp/App_WebSite/App_PictureFiles/fondo2.png'. This request was automatically upgraded to HTTPS, For more information see https://blog.chromium.org/2019/10/no-more-mixed-messages-about-https.html", source: https://www.byfdeco.com/listado/g=0;m=75,73,71,74;or=5;c=2;h=1;e=6;b=1;A_PAGENUMBER=6;st=ENVASES%20CON%20TAPA;cat_id=51;/GlobalBluePoint-ERP.aspx (604)
[0823/184102.723:INFO:CONSOLE(604)] "Mixed Content: The page at 'https://www.byfdeco.com/listado/g=0;m=75,73,71,74;or=5;c=2;h=1;e=6;b=1;A_PAGENUMBER=6;st=ENVASES%20CON%20TAPA;cat_id=51;/GlobalBluePoint-ERP.aspx' was loaded over HTTPS, but requested an insecure element 'http://www.compumar.com/skin/frontend/default/ma_hightechstore/images/bg-title-block.png'. This request was automatically upgraded to HTTPS, For more information see https://blog.chromium.org/2019/10/no-more-mixed-messages-about-https.html", source: https://www.byfdeco.com/listado/g=0;m=75,73,71,74;or=5;c=2;h=1;e=6;b=1;A_PAGENUMBER=6;st=ENVASES%20CON%20TAPA;cat_id=51;/GlobalBluePoint-ERP.aspx (604)
[0823/184102.813:ERROR:ssl_client_socket_impl.cc(983)] handshake failed; returned -1, SSL error code 1, net_error -101
[0823/184102.831:INFO:CONSOLE(0)] "The Content-Security-Policy directive name '*' contains one or more invalid characters. Only ASCII alphanumeric characters or dashes '-' are allowed in directive names.", source: about:blank (0)
[0823/184102.864:ERROR:ssl_client_socket_impl.cc(983)] handshake failed; returned -1, SSL error code 1, net_error -101
[0823/184106.447:ERROR:cache_util_win.cc(20)] Unable to move the cache: Acceso denegado. (0x5)
[0823/184106.448:ERROR:disk_cache.cc(205)] Unable to create cache
[0823/184106.448:ERROR:shader_disk_cache.cc(617)] Shader Cache Creation failed: -2
[0823/184106.716:ERROR:cache_util_win.cc(20)] Unable to move the cache: Acceso denegado. (0x5)
[0823/184106.717:ERROR:disk_cache.cc(205)] Unable to create cache
[0823/184106.717:ERROR:shader_disk_cache.cc(617)] Shader Cache Creation failed: -2
[0823/184108.473:ERROR:cache_util_win.cc(20)] Unable to move the cache: Acceso denegado. (0x5)
[0823/184108.473:ERROR:disk_cache.cc(205)] Unable to create cache
[0823/184109.484:ERROR:service_worker_storage.cc(1904)] Failed to delete the database: Database IO error
[0823/184111.331:INFO:CONSOLE(0)] "Error with Feature-Policy header: Unrecognized feature: '*'.", source:  (0)
[0823/184111.333:INFO:CONSOLE(0)] "The Content-Security-Policy directive name '*' contains one or more invalid characters. Only ASCII alphanumeric characters or dashes '-' are allowed in directive names.", source: https://www.byfdeco.com/listado/g=0;m=75,73,71,74;or=5;c=2;h=1;e=6;b=1;A_PAGENUMBER=7;st=ENVASES%20CON%20TAPA;cat_id=51;/GlobalBluePoint-ERP.aspx (0)
[0823/184111.835:INFO:CONSOLE(621)] "Mixed Content: The page at 'https://www.byfdeco.com/listado/g=0;m=75,73,71,74;or=5;c=2;h=1;e=6;b=1;A_PAGENUMBER=7;st=ENVASES%20CON%20TAPA;cat_id=51;/GlobalBluePoint-ERP.aspx' was loaded over HTTPS, but requested an insecure element 'http://gbp41.globalbluepoint.com/laslomas/Temp/App_WebSite/App_PictureFiles/fondo2.png'. This request was automatically upgraded to HTTPS, For more information see https://blog.chromium.org/2019/10/no-more-mixed-messages-about-https.html", source: https://www.byfdeco.com/listado/g=0;m=75,73,71,74;or=5;c=2;h=1;e=6;b=1;A_PAGENUMBER=7;st=ENVASES%20CON%20TAPA;cat_id=51;/GlobalBluePoint-ERP.aspx (621)
[0823/184111.836:INFO:CONSOLE(621)] "Mixed Content: The page at 'https://www.byfdeco.com/listado/g=0;m=75,73,71,74;or=5;c=2;h=1;e=6;b=1;A_PAGENUMBER=7;st=ENVASES%20CON%20TAPA;cat_id=51;/GlobalBluePoint-ERP.aspx' was loaded over HTTPS, but requested an insecure element 'http://www.compumar.com/skin/frontend/default/ma_hightechstore/images/bg-title-block.png'. This request was automatically upgraded to HTTPS, For more information see https://blog.chromium.org/2019/10/no-more-mixed-messages-about-https.html", source: https://www.byfdeco.com/listado/g=0;m=75,73,71,74;or=5;c=2;h=1;e=6;b=1;A_PAGENUMBER=7;st=ENVASES%20CON%20TAPA;cat_id=51;/GlobalBluePoint-ERP.aspx (621)
[0823/184111.901:ERROR:ssl_client_socket_impl.cc(983)] handshake failed; returned -1, SSL error code 1, net_error -101
[0823/184111.952:ERROR:ssl_client_socket_impl.cc(983)] handshake failed; returned -1, SSL error code 1, net_error -101
[0823/184112.282:INFO:CONSOLE(0)] "The Content-Security-Policy directive name '*' contains one or more invalid characters. Only ASCII alphanumeric characters or dashes '-' are allowed in directive names.", source: about:blank (0)
[0823/184114.513:ERROR:cache_util_win.cc(20)] Unable to move the cache: Acceso denegado. (0x5)
[0823/184114.514:ERROR:disk_cache.cc(205)] Unable to create cache
[0823/184114.514:ERROR:shader_disk_cache.cc(617)] Shader Cache Creation failed: -2
[0823/184116.533:ERROR:cache_util_win.cc(20)] Unable to move the cache: Acceso denegado. (0x5)
[0823/184116.533:ERROR:disk_cache.cc(205)] Unable to create cache
[0823/184117.536:ERROR:service_worker_storage.cc(1904)] Failed to delete the database: Database IO error
[0823/184119.081:INFO:CONSOLE(0)] "Error with Feature-Policy header: Unrecognized feature: '*'.", source:  (0)
[0823/184119.082:INFO:CONSOLE(0)] "The Content-Security-Policy directive name '*' contains one or more invalid characters. Only ASCII alphanumeric characters or dashes '-' are allowed in directive names.", source: https://www.byfdeco.com/listado/g=0;m=75,73,71,74;or=5;c=2;h=1;e=6;b=1;A_PAGENUMBER=8;st=ENVASES%20CON%20TAPA;cat_id=51;/GlobalBluePoint-ERP.aspx (0)
[0823/184119.686:INFO:CONSOLE(621)] "Mixed Content: The page at 'https://www.byfdeco.com/listado/g=0;m=75,73,71,74;or=5;c=2;h=1;e=6;b=1;A_PAGENUMBER=8;st=ENVASES%20CON%20TAPA;cat_id=51;/GlobalBluePoint-ERP.aspx' was loaded over HTTPS, but requested an insecure element 'http://gbp41.globalbluepoint.com/laslomas/Temp/App_WebSite/App_PictureFiles/fondo2.png'. This request was automatically upgraded to HTTPS, For more information see https://blog.chromium.org/2019/10/no-more-mixed-messages-about-https.html", source: https://www.byfdeco.com/listado/g=0;m=75,73,71,74;or=5;c=2;h=1;e=6;b=1;A_PAGENUMBER=8;st=ENVASES%20CON%20TAPA;cat_id=51;/GlobalBluePoint-ERP.aspx (621)
[0823/184119.688:INFO:CONSOLE(621)] "Mixed Content: The page at 'https://www.byfdeco.com/listado/g=0;m=75,73,71,74;or=5;c=2;h=1;e=6;b=1;A_PAGENUMBER=8;st=ENVASES%20CON%20TAPA;cat_id=51;/GlobalBluePoint-ERP.aspx' was loaded over HTTPS, but requested an insecure element 'http://www.compumar.com/skin/frontend/default/ma_hightechstore/images/bg-title-block.png'. This request was automatically upgraded to HTTPS, For more information see https://blog.chromium.org/2019/10/no-more-mixed-messages-about-https.html", source: https://www.byfdeco.com/listado/g=0;m=75,73,71,74;or=5;c=2;h=1;e=6;b=1;A_PAGENUMBER=8;st=ENVASES%20CON%20TAPA;cat_id=51;/GlobalBluePoint-ERP.aspx (621)
[0823/184119.743:ERROR:ssl_client_socket_impl.cc(983)] handshake failed; returned -1, SSL error code 1, net_error -101
[0823/184119.801:ERROR:ssl_client_socket_impl.cc(983)] handshake failed; returned -1, SSL error code 1, net_error -101
[0823/184119.982:INFO:CONSOLE(0)] "The Content-Security-Policy directive name '*' contains one or more invalid characters. Only ASCII alphanumeric characters or dashes '-' are allowed in directive names.", source: about:blank (0)
[0823/184122.426:ERROR:cache_util_win.cc(20)] Unable to move the cache: Acceso denegado. (0x5)
[0823/184122.428:ERROR:disk_cache.cc(205)] Unable to create cache
[0823/184122.428:ERROR:shader_disk_cache.cc(617)] Shader Cache Creation failed: -2
[0823/184124.455:ERROR:cache_util_win.cc(20)] Unable to move the cache: Acceso denegado. (0x5)
[0823/184124.455:ERROR:disk_cache.cc(205)] Unable to create cache
[0823/184125.463:ERROR:service_worker_storage.cc(1904)] Failed to delete the database: Database IO error
[0823/184127.180:INFO:CONSOLE(0)] "Error with Feature-Policy header: Unrecognized feature: '*'.", source:  (0)
[0823/184127.180:INFO:CONSOLE(0)] "The Content-Security-Policy directive name '*' contains one or more invalid characters. Only ASCII alphanumeric characters or dashes '-' are allowed in directive names.", source: https://www.byfdeco.com/listado/g=0;m=75,73,71,74;or=5;c=2;h=1;e=6;b=1;A_PAGENUMBER=9;st=ENVASES%20CON%20TAPA;cat_id=51;/GlobalBluePoint-ERP.aspx (0)
[0823/184127.792:INFO:CONSOLE(621)] "Mixed Content: The page at 'https://www.byfdeco.com/listado/g=0;m=75,73,71,74;or=5;c=2;h=1;e=6;b=1;A_PAGENUMBER=9;st=ENVASES%20CON%20TAPA;cat_id=51;/GlobalBluePoint-ERP.aspx' was loaded over HTTPS, but requested an insecure element 'http://gbp41.globalbluepoint.com/laslomas/Temp/App_WebSite/App_PictureFiles/fondo2.png'. This request was automatically upgraded to HTTPS, For more information see https://blog.chromium.org/2019/10/no-more-mixed-messages-about-https.html", source: https://www.byfdeco.com/listado/g=0;m=75,73,71,74;or=5;c=2;h=1;e=6;b=1;A_PAGENUMBER=9;st=ENVASES%20CON%20TAPA;cat_id=51;/GlobalBluePoint-ERP.aspx (621)
[0823/184127.794:INFO:CONSOLE(621)] "Mixed Content: The page at 'https://www.byfdeco.com/listado/g=0;m=75,73,71,74;or=5;c=2;h=1;e=6;b=1;A_PAGENUMBER=9;st=ENVASES%20CON%20TAPA;cat_id=51;/GlobalBluePoint-ERP.aspx' was loaded over HTTPS, but requested an insecure element 'http://www.compumar.com/skin/frontend/default/ma_hightechstore/images/bg-title-block.png'. This request was automatically upgraded to HTTPS, For more information see https://blog.chromium.org/2019/10/no-more-mixed-messages-about-https.html", source: https://www.byfdeco.com/listado/g=0;m=75,73,71,74;or=5;c=2;h=1;e=6;b=1;A_PAGENUMBER=9;st=ENVASES%20CON%20TAPA;cat_id=51;/GlobalBluePoint-ERP.aspx (621)
[0823/184127.863:ERROR:ssl_client_socket_impl.cc(983)] handshake failed; returned -1, SSL error code 1, net_error -101
[0823/184127.928:ERROR:ssl_client_socket_impl.cc(983)] handshake failed; returned -1, SSL error code 1, net_error -101
[0823/184127.949:INFO:CONSOLE(0)] "The Content-Security-Policy directive name '*' contains one or more invalid characters. Only ASCII alphanumeric characters or dashes '-' are allowed in directive names.", source: about:blank (0)
[0823/184130.879:ERROR:cache_util_win.cc(20)] Unable to move the cache: Acceso denegado. (0x5)
[0823/184130.881:ERROR:disk_cache.cc(205)] Unable to create cache
[0823/184130.881:ERROR:shader_disk_cache.cc(617)] Shader Cache Creation failed: -2
[0823/184132.907:ERROR:cache_util_win.cc(20)] Unable to move the cache: Acceso denegado. (0x5)
[0823/184132.907:ERROR:disk_cache.cc(205)] Unable to create cache
[0823/184133.919:ERROR:service_worker_storage.cc(1904)] Failed to delete the database: Database IO error
[0823/184135.818:INFO:CONSOLE(0)] "Error with Feature-Policy header: Unrecognized feature: '*'.", source:  (0)
[0823/184135.819:INFO:CONSOLE(0)] "The Content-Security-Policy directive name '*' contains one or more invalid characters. Only ASCII alphanumeric characters or dashes '-' are allowed in directive names.", source: https://www.byfdeco.com/listado/g=0;m=75,73,71,74;or=5;c=2;h=1;e=6;b=1;A_PAGENUMBER=10;st=ENVASES%20CON%20TAPA;cat_id=51;/GlobalBluePoint-ERP.aspx (0)
[0823/184136.503:INFO:CONSOLE(0)] "Mixed Content: The page at 'https://www.byfdeco.com/listado/g=0;m=75,73,71,74;or=5;c=2;h=1;e=6;b=1;A_PAGENUMBER=10;st=ENVASES%20CON%20TAPA;cat_id=51;/GlobalBluePoint-ERP.aspx' was loaded over HTTPS, but requested an insecure element 'http://gbp41.globalbluepoint.com/laslomas/Temp/App_WebSite/App_PictureFiles/fondo2.png'. This request was automatically upgraded to HTTPS, For more information see https://blog.chromium.org/2019/10/no-more-mixed-messages-about-https.html", source: https://www.byfdeco.com/listado/g=0;m=75,73,71,74;or=5;c=2;h=1;e=6;b=1;A_PAGENUMBER=10;st=ENVASES%20CON%20TAPA;cat_id=51;/GlobalBluePoint-ERP.aspx (0)
[0823/184136.504:INFO:CONSOLE(0)] "Mixed Content: The page at 'https://www.byfdeco.com/listado/g=0;m=75,73,71,74;or=5;c=2;h=1;e=6;b=1;A_PAGENUMBER=10;st=ENVASES%20CON%20TAPA;cat_id=51;/GlobalBluePoint-ERP.aspx' was loaded over HTTPS, but requested an insecure element 'http://www.compumar.com/skin/frontend/default/ma_hightechstore/images/bg-title-block.png'. This request was automatically upgraded to HTTPS, For more information see https://blog.chromium.org/2019/10/no-more-mixed-messages-about-https.html", source: https://www.byfdeco.com/listado/g=0;m=75,73,71,74;or=5;c=2;h=1;e=6;b=1;A_PAGENUMBER=10;st=ENVASES%20CON%20TAPA;cat_id=51;/GlobalBluePoint-ERP.aspx (0)
[0823/184136.544:ERROR:ssl_client_socket_impl.cc(983)] handshake failed; returned -1, SSL error code 1, net_error -101
[0823/184136.599:ERROR:ssl_client_socket_impl.cc(983)] handshake failed; returned -1, SSL error code 1, net_error -101
[0823/184136.766:INFO:CONSOLE(0)] "The Content-Security-Policy directive name '*' contains one or more invalid characters. Only ASCII alphanumeric characters or dashes '-' are allowed in directive names.", source: about:blank (0)
[0823/184139.795:ERROR:cache_util_win.cc(20)] Unable to move the cache: Acceso denegado. (0x5)
[0823/184139.796:ERROR:disk_cache.cc(205)] Unable to create cache
[0823/184139.796:ERROR:shader_disk_cache.cc(617)] Shader Cache Creation failed: -2
[0823/184141.826:ERROR:cache_util_win.cc(20)] Unable to move the cache: Acceso denegado. (0x5)
[0823/184141.826:ERROR:disk_cache.cc(205)] Unable to create cache
[0823/184142.831:ERROR:service_worker_storage.cc(1904)] Failed to delete the database: Database IO error
[0823/184143.935:INFO:CONSOLE(0)] "Error with Feature-Policy header: Unrecognized feature: '*'.", source:  (0)
[0823/184143.936:INFO:CONSOLE(0)] "The Content-Security-Policy directive name '*' contains one or more invalid characters. Only ASCII alphanumeric characters or dashes '-' are allowed in directive names.", source: https://www.byfdeco.com/listado/g=0;m=75,73,71,74;or=5;c=2;h=1;e=6;b=1;A_PAGENUMBER=11;st=ENVASES%20CON%20TAPA;cat_id=51;/GlobalBluePoint-ERP.aspx (0)
[0823/184144.740:INFO:CONSOLE(0)] "The Content-Security-Policy directive name '*' contains one or more invalid characters. Only ASCII alphanumeric characters or dashes '-' are allowed in directive names.", source: about:blank (0)
[0823/184144.756:INFO:CONSOLE(3731)] "Mixed Content: The page at 'https://www.byfdeco.com/listado/g=0;m=75,73,71,74;or=5;c=2;h=1;e=6;b=1;A_PAGENUMBER=11;st=ENVASES%20CON%20TAPA;cat_id=51;/GlobalBluePoint-ERP.aspx' was loaded over HTTPS, but requested an insecure element 'http://gbp41.globalbluepoint.com/laslomas/Temp/App_WebSite/App_PictureFiles/fondo2.png'. This request was automatically upgraded to HTTPS, For more information see https://blog.chromium.org/2019/10/no-more-mixed-messages-about-https.html", source: https://www.byfdeco.com/listado/g=0;m=75,73,71,74;or=5;c=2;h=1;e=6;b=1;A_PAGENUMBER=11;st=ENVASES%20CON%20TAPA;cat_id=51;/GlobalBluePoint-ERP.aspx (3731)
[0823/184144.758:INFO:CONSOLE(3731)] "Mixed Content: The page at 'https://www.byfdeco.com/listado/g=0;m=75,73,71,74;or=5;c=2;h=1;e=6;b=1;A_PAGENUMBER=11;st=ENVASES%20CON%20TAPA;cat_id=51;/GlobalBluePoint-ERP.aspx' was loaded over HTTPS, but requested an insecure element 'http://www.compumar.com/skin/frontend/default/ma_hightechstore/images/bg-title-block.png'. This request was automatically upgraded to HTTPS, For more information see https://blog.chromium.org/2019/10/no-more-mixed-messages-about-https.html", source: https://www.byfdeco.com/listado/g=0;m=75,73,71,74;or=5;c=2;h=1;e=6;b=1;A_PAGENUMBER=11;st=ENVASES%20CON%20TAPA;cat_id=51;/GlobalBluePoint-ERP.aspx (3731)
[0823/184144.830:ERROR:ssl_client_socket_impl.cc(983)] handshake failed; returned -1, SSL error code 1, net_error -101
[0823/184144.901:ERROR:ssl_client_socket_impl.cc(983)] handshake failed; returned -1, SSL error code 1, net_error -101
[0823/184147.559:ERROR:cache_util_win.cc(20)] Unable to move the cache: Acceso denegado. (0x5)
[0823/184147.560:ERROR:disk_cache.cc(205)] Unable to create cache
[0823/184147.560:ERROR:shader_disk_cache.cc(617)] Shader Cache Creation failed: -2
[0823/184149.581:ERROR:cache_util_win.cc(20)] Unable to move the cache: Acceso denegado. (0x5)
[0823/184149.581:ERROR:disk_cache.cc(205)] Unable to create cache
[0823/184150.588:ERROR:service_worker_storage.cc(1904)] Failed to delete the database: Database IO error
[0823/184152.246:INFO:CONSOLE(0)] "Error with Feature-Policy header: Unrecognized feature: '*'.", source:  (0)
[0823/184152.246:INFO:CONSOLE(0)] "The Content-Security-Policy directive name '*' contains one or more invalid characters. Only ASCII alphanumeric characters or dashes '-' are allowed in directive names.", source: https://www.byfdeco.com/listado/g=0;m=75,73,71,74;or=5;c=2;h=1;e=6;b=1;A_PAGENUMBER=12;st=ENVASES%20CON%20TAPA;cat_id=51;/GlobalBluePoint-ERP.aspx (0)
[0823/184152.978:INFO:CONSOLE(604)] "Mixed Content: The page at 'https://www.byfdeco.com/listado/g=0;m=75,73,71,74;or=5;c=2;h=1;e=6;b=1;A_PAGENUMBER=12;st=ENVASES%20CON%20TAPA;cat_id=51;/GlobalBluePoint-ERP.aspx' was loaded over HTTPS, but requested an insecure element 'http://gbp41.globalbluepoint.com/laslomas/Temp/App_WebSite/App_PictureFiles/fondo2.png'. This request was automatically upgraded to HTTPS, For more information see https://blog.chromium.org/2019/10/no-more-mixed-messages-about-https.html", source: https://www.byfdeco.com/listado/g=0;m=75,73,71,74;or=5;c=2;h=1;e=6;b=1;A_PAGENUMBER=12;st=ENVASES%20CON%20TAPA;cat_id=51;/GlobalBluePoint-ERP.aspx (604)
[0823/184152.979:INFO:CONSOLE(604)] "Mixed Content: The page at 'https://www.byfdeco.com/listado/g=0;m=75,73,71,74;or=5;c=2;h=1;e=6;b=1;A_PAGENUMBER=12;st=ENVASES%20CON%20TAPA;cat_id=51;/GlobalBluePoint-ERP.aspx' was loaded over HTTPS, but requested an insecure element 'http://www.compumar.com/skin/frontend/default/ma_hightechstore/images/bg-title-block.png'. This request was automatically upgraded to HTTPS, For more information see https://blog.chromium.org/2019/10/no-more-mixed-messages-about-https.html", source: https://www.byfdeco.com/listado/g=0;m=75,73,71,74;or=5;c=2;h=1;e=6;b=1;A_PAGENUMBER=12;st=ENVASES%20CON%20TAPA;cat_id=51;/GlobalBluePoint-ERP.aspx (604)
[0823/184153.064:ERROR:ssl_client_socket_impl.cc(983)] handshake failed; returned -1, SSL error code 1, net_error -101
[0823/184153.122:ERROR:ssl_client_socket_impl.cc(983)] handshake failed; returned -1, SSL error code 1, net_error -101
[0823/184153.131:INFO:CONSOLE(0)] "The Content-Security-Policy directive name '*' contains one or more invalid characters. Only ASCII alphanumeric characters or dashes '-' are allowed in directive names.", source: about:blank (0)
[0823/184155.961:ERROR:cache_util_win.cc(20)] Unable to move the cache: Acceso denegado. (0x5)
[0823/184155.971:ERROR:disk_cache.cc(205)] Unable to create cache
[0823/184155.971:ERROR:shader_disk_cache.cc(617)] Shader Cache Creation failed: -2
[0823/184157.999:ERROR:cache_util_win.cc(20)] Unable to move the cache: Acceso denegado. (0x5)
[0823/184157.999:ERROR:disk_cache.cc(205)] Unable to create cache
[0823/184158.998:ERROR:service_worker_storage.cc(1904)] Failed to delete the database: Database IO error
[0823/184200.347:INFO:CONSOLE(0)] "Error with Feature-Policy header: Unrecognized feature: '*'.", source:  (0)
[0823/184200.348:INFO:CONSOLE(0)] "The Content-Security-Policy directive name '*' contains one or more invalid characters. Only ASCII alphanumeric characters or dashes '-' are allowed in directive names.", source: https://www.byfdeco.com/listado/g=0;m=75,73,71,74;or=5;c=2;h=1;e=6;b=1;A_PAGENUMBER=13;st=ENVASES%20CON%20TAPA;cat_id=51;/GlobalBluePoint-ERP.aspx (0)
[0823/184201.042:INFO:CONSOLE(0)] "Mixed Content: The page at 'https://www.byfdeco.com/listado/g=0;m=75,73,71,74;or=5;c=2;h=1;e=6;b=1;A_PAGENUMBER=13;st=ENVASES%20CON%20TAPA;cat_id=51;/GlobalBluePoint-ERP.aspx' was loaded over HTTPS, but requested an insecure element 'http://gbp41.globalbluepoint.com/laslomas/Temp/App_WebSite/App_PictureFiles/fondo2.png'. This request was automatically upgraded to HTTPS, For more information see https://blog.chromium.org/2019/10/no-more-mixed-messages-about-https.html", source: https://www.byfdeco.com/listado/g=0;m=75,73,71,74;or=5;c=2;h=1;e=6;b=1;A_PAGENUMBER=13;st=ENVASES%20CON%20TAPA;cat_id=51;/GlobalBluePoint-ERP.aspx (0)
[0823/184201.043:INFO:CONSOLE(0)] "Mixed Content: The page at 'https://www.byfdeco.com/listado/g=0;m=75,73,71,74;or=5;c=2;h=1;e=6;b=1;A_PAGENUMBER=13;st=ENVASES%20CON%20TAPA;cat_id=51;/GlobalBluePoint-ERP.aspx' was loaded over HTTPS, but requested an insecure element 'http://www.compumar.com/skin/frontend/default/ma_hightechstore/images/bg-title-block.png'. This request was automatically upgraded to HTTPS, For more information see https://blog.chromium.org/2019/10/no-more-mixed-messages-about-https.html", source: https://www.byfdeco.com/listado/g=0;m=75,73,71,74;or=5;c=2;h=1;e=6;b=1;A_PAGENUMBER=13;st=ENVASES%20CON%20TAPA;cat_id=51;/GlobalBluePoint-ERP.aspx (0)
[0823/184201.110:ERROR:ssl_client_socket_impl.cc(983)] handshake failed; returned -1, SSL error code 1, net_error -101
[0823/184201.185:ERROR:ssl_client_socket_impl.cc(983)] handshake failed; returned -1, SSL error code 1, net_error -101
[0823/184202.094:INFO:CONSOLE(0)] "The Content-Security-Policy directive name '*' contains one or more invalid characters. Only ASCII alphanumeric characters or dashes '-' are allowed in directive names.", source: about:blank (0)
[0823/184204.766:ERROR:cache_util_win.cc(20)] Unable to move the cache: Acceso denegado. (0x5)
[0823/184204.768:ERROR:disk_cache.cc(205)] Unable to create cache
[0823/184204.768:ERROR:shader_disk_cache.cc(617)] Shader Cache Creation failed: -2
[0823/184206.789:ERROR:cache_util_win.cc(20)] Unable to move the cache: Acceso denegado. (0x5)
[0823/184206.790:ERROR:disk_cache.cc(205)] Unable to create cache
[0823/184207.795:ERROR:service_worker_storage.cc(1904)] Failed to delete the database: Database IO error
[0823/184209.329:INFO:CONSOLE(0)] "Error with Feature-Policy header: Unrecognized feature: '*'.", source:  (0)
[0823/184209.331:INFO:CONSOLE(0)] "The Content-Security-Policy directive name '*' contains one or more invalid characters. Only ASCII alphanumeric characters or dashes '-' are allowed in directive names.", source: https://www.byfdeco.com/listado/g=0;m=75,73,71,74;or=5;c=2;h=1;e=6;b=1;A_PAGENUMBER=14;st=ENVASES%20CON%20TAPA;cat_id=51;/GlobalBluePoint-ERP.aspx (0)
[0823/184210.388:INFO:CONSOLE(620)] "Mixed Content: The page at 'https://www.byfdeco.com/listado/g=0;m=75,73,71,74;or=5;c=2;h=1;e=6;b=1;A_PAGENUMBER=14;st=ENVASES%20CON%20TAPA;cat_id=51;/GlobalBluePoint-ERP.aspx' was loaded over HTTPS, but requested an insecure element 'http://gbp41.globalbluepoint.com/laslomas/Temp/App_WebSite/App_PictureFiles/fondo2.png'. This request was automatically upgraded to HTTPS, For more information see https://blog.chromium.org/2019/10/no-more-mixed-messages-about-https.html", source: https://www.byfdeco.com/listado/g=0;m=75,73,71,74;or=5;c=2;h=1;e=6;b=1;A_PAGENUMBER=14;st=ENVASES%20CON%20TAPA;cat_id=51;/GlobalBluePoint-ERP.aspx (620)
[0823/184210.390:INFO:CONSOLE(620)] "Mixed Content: The page at 'https://www.byfdeco.com/listado/g=0;m=75,73,71,74;or=5;c=2;h=1;e=6;b=1;A_PAGENUMBER=14;st=ENVASES%20CON%20TAPA;cat_id=51;/GlobalBluePoint-ERP.aspx' was loaded over HTTPS, but requested an insecure element 'http://www.compumar.com/skin/frontend/default/ma_hightechstore/images/bg-title-block.png'. This request was automatically upgraded to HTTPS, For more information see https://blog.chromium.org/2019/10/no-more-mixed-messages-about-https.html", source: https://www.byfdeco.com/listado/g=0;m=75,73,71,74;or=5;c=2;h=1;e=6;b=1;A_PAGENUMBER=14;st=ENVASES%20CON%20TAPA;cat_id=51;/GlobalBluePoint-ERP.aspx (620)
[0823/184210.454:ERROR:ssl_client_socket_impl.cc(983)] handshake failed; returned -1, SSL error code 1, net_error -101
[0823/184210.503:ERROR:ssl_client_socket_impl.cc(983)] handshake failed; returned -1, SSL error code 1, net_error -101
[0823/184210.535:INFO:CONSOLE(0)] "The Content-Security-Policy directive name '*' contains one or more invalid characters. Only ASCII alphanumeric characters or dashes '-' are allowed in directive names.", source: about:blank (0)
[0823/184229.309:ERROR:cache_util_win.cc(20)] Unable to move the cache: Acceso denegado. (0x5)
[0823/184229.310:ERROR:disk_cache.cc(205)] Unable to create cache
[0823/184229.310:ERROR:shader_disk_cache.cc(617)] Shader Cache Creation failed: -2
[0823/184232.336:ERROR:service_worker_storage.cc(1904)] Failed to delete the database: Database IO error
